[INFO] Scanning for projects...
[INFO] 
[INFO] -------------< com.ecomblockchain:ecom-blockchain-backend >-------------
[INFO] Building ecom-blockchain-backend 4.0.0-SNAPSHOT
[INFO]   from pom.xml
[INFO] --------------------------------[ jar ]---------------------------------
[INFO] 
[INFO] --- clean:3.4.0:clean (default-clean) @ ecom-blockchain-backend ---
[INFO] Deleting C:\Users\JISHNU B R\Git projects\E-comBlockchain\backend\target
[INFO] 
[INFO] --- resources:3.3.1:resources (default-resources) @ ecom-blockchain-backend ---
[INFO] Copying 1 resource from src\main\resources to target\classes
[INFO] Copying 0 resource from src\main\resources to target\classes
[INFO] 
[INFO] --- compiler:3.13.0:compile (default-compile) @ ecom-blockchain-backend ---
[INFO] Recompiling the module because of changed source code.
[INFO] Compiling 31 source files with javac [debug parameters release 24] to target\classes
[INFO] -------------------------------------------------------------
[ERROR] COMPILATION ERROR : 
[INFO] -------------------------------------------------------------
[ERROR] /C:/Users/JISHNU B R/Git projects/E-comBlockchain/backend/src/main/java/com/ecomblockchain/service/ContractService.java:[6,14] package lombok does not exist
[ERROR] /C:/Users/JISHNU B R/Git projects/E-comBlockchain/backend/src/main/java/com/ecomblockchain/service/ContractService.java:[14,2] cannot find symbol
  symbol: class RequiredArgsConstructor
[INFO] 2 errors 
[INFO] -------------------------------------------------------------
[INFO] ------------------------------------------------------------------------
[INFO] BUILD FAILURE
[INFO] ------------------------------------------------------------------------
[INFO] Total time:  3.074 s
[INFO] Finished at: 2026-03-20T15:43:14+05:30
[INFO] ------------------------------------------------------------------------
[ERROR] Failed to execute goal org.apache.maven.plugins:maven-compiler-plugin:3.13.0:compile (default-compile) on project ecom-blockchain-backend: Compilation failure: Compilation failure: 
[ERROR] /C:/Users/JISHNU B R/Git projects/E-comBlockchain/backend/src/main/java/com/ecomblockchain/service/ContractService.java:[6,14] package lombok does not exist
[ERROR] /C:/Users/JISHNU B R/Git projects/E-comBlockchain/backend/src/main/java/com/ecomblockchain/service/ContractService.java:[14,2] cannot find symbol
[ERROR]   symbol: class RequiredArgsConstructor
[ERROR] -> [Help 1]
[ERROR] 
[ERROR] To see the full stack trace of the errors, re-run Maven with the -e switch.
[ERROR] Re-run Maven using the -X switch to enable full debug logging.
[ERROR] 
[ERROR] For more information about the errors and possible solutions, please read the following articles:
[ERROR] [Help 1] http://cwiki.apache.org/confluence/display/MAVEN/MojoFailureException
